<?xml version="1.0" encoding="UTF-8" ?>
<testsuite errors="0" failures="9" hostname="sidds-mbp.olin.edu" name="com.allendowney.javacs.MyArrayListTest" skipped="0" tests="20" time="0.061" timestamp="2016-10-30T01:34:23">
  <properties>
    <property name="java.vendor" value="Oracle Corporation" />
    <property name="sun.java.launcher" value="SUN_STANDARD" />
    <property name="env.XPC_SERVICE_NAME" value="0" />
    <property name="sun.management.compiler" value="HotSpot 64-Bit Tiered Compilers" />
    <property name="env.SECURITYSESSIONID" value="186a7" />
    <property name="os.name" value="Mac OS X" />
    <property name="sun.boot.class.path" value="/Library/Java/JavaVirtualMachines/jdk1.8.0_92.jdk/Contents/Home/jre/lib/resources.jar:/Library/Java/JavaVirtualMachines/jdk1.8.0_92.jdk/Contents/Home/jre/lib/rt.jar:/Library/Java/JavaVirtualMachines/jdk1.8.0_92.jdk/Contents/Home/jre/lib/sunrsasign.jar:/Library/Java/JavaVirtualMachines/jdk1.8.0_92.jdk/Contents/Home/jre/lib/jsse.jar:/Library/Java/JavaVirtualMachines/jdk1.8.0_92.jdk/Contents/Home/jre/lib/jce.jar:/Library/Java/JavaVirtualMachines/jdk1.8.0_92.jdk/Contents/Home/jre/lib/charsets.jar:/Library/Java/JavaVirtualMachines/jdk1.8.0_92.jdk/Contents/Home/jre/lib/jfr.jar:/Library/Java/JavaVirtualMachines/jdk1.8.0_92.jdk/Contents/Home/jre/classes" />
    <property name="env.TMPDIR" value="/var/folders/bm/9bwb8bsn6q16mlmjxzq3l_dw0000gn/T/" />
    <property name="env.PWD" value="/Users/sidd/DSA-17/exercises/chap03" />
    <property name="env.LANG" value="en_US.UTF-8" />
    <property name="java.vm.specification.vendor" value="Oracle Corporation" />
    <property name="ant.home" value="/usr/local/Cellar/ant/1.9.7/libexec" />
    <property name="java.runtime.version" value="1.8.0_92-b14" />
    <property name="env.Apple_PubSub_Socket_Render" value="/private/tmp/com.apple.launchd.mS2RUO4Udu/Render" />
    <property name="user.name" value="sidd" />
    <property name="env.USER" value="sidd" />
    <property name="env.SHELL" value="/bin/bash" />
    <property name="env.__CF_USER_TEXT_ENCODING" value="0x1F5:0x0:0x0" />
    <property name="env.PATH" value="/usr/local/bin:/usr/bin:/bin:/usr/sbin:/sbin:/usr/local/share/scala/bin:/opt/spark/bin:/opt/mysql/bin" />
    <property name="user.language" value="en" />
    <property name="sun.boot.library.path" value="/Library/Java/JavaVirtualMachines/jdk1.8.0_92.jdk/Contents/Home/jre/lib" />
    <property name="ant.project.default-target" value="build" />
    <property name="env.XPC_FLAGS" value="0x0" />
    <property name="ant.project.name" value="JavaCS" />
    <property name="java.version" value="1.8.0_92" />
    <property name="user.timezone" value="" />
    <property name="sun.arch.data.model" value="64" />
    <property name="http.nonProxyHosts" value="local|*.local|169.254/16|*.169.254/16" />
    <property name="java.endorsed.dirs" value="/Library/Java/JavaVirtualMachines/jdk1.8.0_92.jdk/Contents/Home/jre/lib/endorsed" />
    <property name="sun.cpu.isalist" value="" />
    <property name="sun.jnu.encoding" value="UTF-8" />
    <property name="file.encoding.pkg" value="sun.io" />
    <property name="env.SHLVL" value="2" />
    <property name="file.separator" value="/" />
    <property name="java.specification.name" value="Java Platform API Specification" />
    <property name="java.class.version" value="52.0" />
    <property name="user.country" value="US" />
    <property name="ant.file.JavaCS" value="/Users/sidd/DSA-17/exercises/chap03/build.xml" />
    <property name="java.home" value="/Library/Java/JavaVirtualMachines/jdk1.8.0_92.jdk/Contents/Home/jre" />
    <property name="java.vm.info" value="mixed mode" />
    <property name="env.LOGNAME" value="sidd" />
    <property name="ant.file" value="/Users/sidd/DSA-17/exercises/chap03/build.xml" />
    <property name="os.version" value="10.11.4" />
    <property name="env.TERM_PROGRAM_VERSION" value="361.1" />
    <property name="env.CLICOLOR" value="1" />
    <property name="env.SPARK_HOME" value="/opt/spark" />
    <property name="path.separator" value=":" />
    <property name="java.vm.version" value="25.92-b14" />
    <property name="ant.library.dir" value="/usr/local/Cellar/ant/1.9.7/libexec/lib" />
    <property name="junit.output.dir" value="junit" />
    <property name="env.JAVA_HOME" value="/Library/Java/JavaVirtualMachines/jdk1.8.0_92.jdk/Contents/Home" />
    <property name="java.awt.printerjob" value="sun.lwawt.macosx.CPrinterJob" />
    <property name="env.TERM" value="xterm-256color" />
    <property name="sun.io.unicode.encoding" value="UnicodeBig" />
    <property name="awt.toolkit" value="sun.lwawt.macosx.LWCToolkit" />
    <property name="socksNonProxyHosts" value="local|*.local|169.254/16|*.169.254/16" />
    <property name="ftp.nonProxyHosts" value="local|*.local|169.254/16|*.169.254/16" />
    <property name="env.LSCOLORS" value="GxFxCxDxBxegedabagaced" />
    <property name="user.home" value="/Users/sidd" />
    <property name="target" value="1.7" />
    <property name="java.specification.vendor" value="Oracle Corporation" />
    <property name="env.TERM_PROGRAM" value="Apple_Terminal" />
    <property name="java.library.path" value="/Users/sidd/Library/Java/Extensions:/Library/Java/Extensions:/Network/Library/Java/Extensions:/System/Library/Java/Extensions:/usr/lib/java:." />
    <property name="java.vendor.url" value="http://java.oracle.com/" />
    <property name="java.vm.vendor" value="Oracle Corporation" />
    <property name="gopherProxySet" value="false" />
    <property name="java.runtime.name" value="Java(TM) SE Runtime Environment" />
    <property name="sun.java.command" value="org.apache.tools.ant.taskdefs.optional.junit.JUnitTestRunner com.allendowney.javacs.MyArrayListTest skipNonTests=false filtertrace=true haltOnError=false haltOnFailure=false formatter=org.apache.tools.ant.taskdefs.optional.junit.OutErrSummaryJUnitResultFormatter showoutput=false outputtoformatters=true logfailedtests=true threadid=0 logtestlistenerevents=false formatter=org.apache.tools.ant.taskdefs.optional.junit.XMLJUnitResultFormatter,/Users/sidd/DSA-17/exercises/chap03/junit/TEST-com.allendowney.javacs.MyArrayListTest.xml crashfile=/Users/sidd/DSA-17/exercises/chap03/junitvmwatcher6020613557752141317.properties propsfile=/Users/sidd/DSA-17/exercises/chap03/junit1081062121073610890.properties" />
    <property name="java.class.path" value="/Users/sidd/DSA-17/exercises/chap03/bin:/Users/sidd/DSA-17/exercises/chap03/lib/junit-4.12.jar:/Users/sidd/DSA-17/exercises/chap03/lib/ant-junit.jar:/Users/sidd/DSA-17/exercises/chap03/lib/hamcrest-core-1.3.jar:/usr/local/Cellar/ant/1.9.7/libexec/lib/ant-launcher.jar:/usr/local/Cellar/ant/1.9.7/libexec/lib/ant.jar:/usr/local/Cellar/ant/1.9.7/libexec/lib/ant-junit.jar:/usr/local/Cellar/ant/1.9.7/libexec/lib/ant-junit4.jar" />
    <property name="ant.version" value="Apache Ant(TM) version 1.9.7 compiled on April 9 2016" />
    <property name="env.TERM_SESSION_ID" value="6DEC1BC8-75D4-418B-9865-D1D930721EBB" />
    <property name="ant.file.type.JavaCS" value="file" />
    <property name="env.ZOOKEEPER_HOME" value="/opt/zookeeper-3.4.8" />
    <property name="java.vm.specification.name" value="Java Virtual Machine Specification" />
    <property name="ant.file.type" value="file" />
    <property name="env.HADOOP_PREFIX" value="/opt/hadoop-2.7.2" />
    <property name="java.vm.specification.version" value="1.8" />
    <property name="sun.os.patch.level" value="unknown" />
    <property name="sun.cpu.endian" value="little" />
    <property name="debuglevel" value="source,lines,vars" />
    <property name="env.HOME" value="/Users/sidd" />
    <property name="java.io.tmpdir" value="/var/folders/bm/9bwb8bsn6q16mlmjxzq3l_dw0000gn/T/" />
    <property name="java.vendor.url.bug" value="http://bugreport.sun.com/bugreport/" />
    <property name="env.SSH_AUTH_SOCK" value="/private/tmp/com.apple.launchd.hxo0ZFLoGZ/Listeners" />
    <property name="java.awt.graphicsenv" value="sun.awt.CGraphicsEnvironment" />
    <property name="os.arch" value="x86_64" />
    <property name="env.JAVA_MAIN_CLASS_7855" value="org.apache.tools.ant.launch.Launcher" />
    <property name="java.ext.dirs" value="/Users/sidd/Library/Java/Extensions:/Library/Java/JavaVirtualMachines/jdk1.8.0_92.jdk/Contents/Home/jre/lib/ext:/Library/Java/Extensions:/Network/Library/Java/Extensions:/System/Library/Java/Extensions:/usr/lib/java" />
    <property name="user.dir" value="/Users/sidd/DSA-17/exercises/chap03" />
    <property name="line.separator" value="&#xa;" />
    <property name="java.vm.name" value="Java HotSpot(TM) 64-Bit Server VM" />
    <property name="basedir" value="/Users/sidd/DSA-17/exercises/chap03" />
    <property name="ant.java.version" value="1.8" />
    <property name="ant.core.lib" value="/usr/local/Cellar/ant/1.9.7/libexec/lib/ant.jar" />
    <property name="source" value="1.7" />
    <property name="env.SCALA_HOME" value="/usr/local/share/scala" />
    <property name="file.encoding" value="UTF-8" />
    <property name="java.specification.version" value="1.8" />
    <property name="ant.project.invoked-targets" value="MyArrayListTest" />
  </properties>
  <testcase classname="com.allendowney.javacs.MyArrayListTest" name="testToArray" time="0.003" />
  <testcase classname="com.allendowney.javacs.MyArrayListTest" name="testAddIntT" time="0.004">
    <failure message="&#xa;Expected: is &lt;5&gt;&#xa;     but: was &lt;2&gt;" type="junit.framework.AssertionFailedError">junit.framework.AssertionFailedError: 
Expected: is &lt;5&gt;
     but: was &lt;2&gt;
	at org.hamcrest.MatcherAssert.assertThat(MatcherAssert.java:20)
	at com.allendowney.javacs.MyArrayListTest.testAddIntT(MyArrayListTest.java:70)
</failure>
  </testcase>
  <testcase classname="com.allendowney.javacs.MyArrayListTest" name="testGet" time="0.0" />
  <testcase classname="com.allendowney.javacs.MyArrayListTest" name="testSet" time="0.001">
    <failure message="&#xa;Expected: is &lt;2&gt;&#xa;     but: was null" type="junit.framework.AssertionFailedError">junit.framework.AssertionFailedError: 
Expected: is &lt;2&gt;
     but: was null
	at org.hamcrest.MatcherAssert.assertThat(MatcherAssert.java:20)
	at com.allendowney.javacs.MyArrayListTest.testSet(MyArrayListTest.java:248)
</failure>
  </testcase>
  <testcase classname="com.allendowney.javacs.MyArrayListTest" name="testAddAllCollectionOfQextendsT" time="0.0" />
  <testcase classname="com.allendowney.javacs.MyArrayListTest" name="testClear" time="0.0" />
  <testcase classname="com.allendowney.javacs.MyArrayListTest" name="testAddT" time="0.0" />
  <testcase classname="com.allendowney.javacs.MyArrayListTest" name="testSize" time="0.0" />
  <testcase classname="com.allendowney.javacs.MyArrayListTest" name="testLastIndexOf" time="0.0" />
  <testcase classname="com.allendowney.javacs.MyArrayListTest" name="testContainsAll" time="0.001">
    <failure message="&#xa;Expected: &lt;true&gt;&#xa;     but: was &lt;false&gt;" type="junit.framework.AssertionFailedError">junit.framework.AssertionFailedError: 
Expected: &lt;true&gt;
     but: was &lt;false&gt;
	at org.hamcrest.MatcherAssert.assertThat(MatcherAssert.java:20)
	at com.allendowney.javacs.MyArrayListTest.testContainsAll(MyArrayListTest.java:130)
</failure>
  </testcase>
  <testcase classname="com.allendowney.javacs.MyArrayListTest" name="testRemoveObject" time="0.001">
    <failure message="&#xa;Expected: &lt;true&gt;&#xa;     but: was &lt;false&gt;" type="junit.framework.AssertionFailedError">junit.framework.AssertionFailedError: 
Expected: &lt;true&gt;
     but: was &lt;false&gt;
	at org.hamcrest.MatcherAssert.assertThat(MatcherAssert.java:20)
	at com.allendowney.javacs.MyArrayListTest.testRemoveObject(MyArrayListTest.java:199)
</failure>
  </testcase>
  <testcase classname="com.allendowney.javacs.MyArrayListTest" name="testContains" time="0.001">
    <failure message="&#xa;Expected: &lt;true&gt;&#xa;     but: was &lt;false&gt;" type="junit.framework.AssertionFailedError">junit.framework.AssertionFailedError: 
Expected: &lt;true&gt;
     but: was &lt;false&gt;
	at org.hamcrest.MatcherAssert.assertThat(MatcherAssert.java:20)
	at com.allendowney.javacs.MyArrayListTest.testContains(MyArrayListTest.java:118)
</failure>
  </testcase>
  <testcase classname="com.allendowney.javacs.MyArrayListTest" name="testIndexOfNull" time="0.0">
    <failure message="&#xa;Expected: is &lt;3&gt;&#xa;     but: was &lt;-1&gt;" type="junit.framework.AssertionFailedError">junit.framework.AssertionFailedError: 
Expected: is &lt;3&gt;
     but: was &lt;-1&gt;
	at org.hamcrest.MatcherAssert.assertThat(MatcherAssert.java:20)
	at com.allendowney.javacs.MyArrayListTest.testIndexOfNull(MyArrayListTest.java:159)
</failure>
  </testcase>
  <testcase classname="com.allendowney.javacs.MyArrayListTest" name="testIndexOf" time="0.0">
    <failure message="&#xa;Expected: is &lt;0&gt;&#xa;     but: was &lt;-1&gt;" type="junit.framework.AssertionFailedError">junit.framework.AssertionFailedError: 
Expected: is &lt;0&gt;
     but: was &lt;-1&gt;
	at org.hamcrest.MatcherAssert.assertThat(MatcherAssert.java:20)
	at com.allendowney.javacs.MyArrayListTest.testIndexOf(MyArrayListTest.java:146)
</failure>
  </testcase>
  <testcase classname="com.allendowney.javacs.MyArrayListTest" name="testMyList" time="0.0" />
  <testcase classname="com.allendowney.javacs.MyArrayListTest" name="testIsEmpty" time="0.001" />
  <testcase classname="com.allendowney.javacs.MyArrayListTest" name="testIterator" time="0.0" />
  <testcase classname="com.allendowney.javacs.MyArrayListTest" name="testRemoveAll" time="0.001">
    <failure message="&#xa;Expected: is &lt;0&gt;&#xa;     but: was &lt;3&gt;" type="junit.framework.AssertionFailedError">junit.framework.AssertionFailedError: 
Expected: is &lt;0&gt;
     but: was &lt;3&gt;
	at org.hamcrest.MatcherAssert.assertThat(MatcherAssert.java:20)
	at com.allendowney.javacs.MyArrayListTest.testRemoveAll(MyArrayListTest.java:239)
</failure>
  </testcase>
  <testcase classname="com.allendowney.javacs.MyArrayListTest" name="testRemoveInt" time="0.0">
    <failure message="&#xa;Expected: is &lt;2&gt;&#xa;     but: was null" type="junit.framework.AssertionFailedError">junit.framework.AssertionFailedError: 
Expected: is &lt;2&gt;
     but: was null
	at org.hamcrest.MatcherAssert.assertThat(MatcherAssert.java:20)
	at com.allendowney.javacs.MyArrayListTest.testRemoveInt(MyArrayListTest.java:228)
</failure>
  </testcase>
  <testcase classname="com.allendowney.javacs.MyArrayListTest" name="testSubList" time="0.001" />
  <system-out><![CDATA[]]></system-out>
  <system-err><![CDATA[]]></system-err>
</testsuite>
